{
  "RSpec": {
    "coverage": {
      "/Users/deny_domin/Documents/TI/HE:labs/microblog/app/models/author.rb": [
        null,
        null,
        null,
        null,
        null,
        null,
        null,
        null,
        null,
        null,
        null,
        null,
        null,
        null,
        null,
        null,
        null,
        null,
        null,
        null,
        1,
        null,
        null,
        1,
        null,
        null,
        1,
        null,
        1,
        null,
        null,
        1,
        null,
        1,
        null,
        null,
        1,
        null,
        1,
        1,
        null,
        null,
        1,
        1,
        null,
        null,
        1,
        3,
        null,
        null,
        1,
        null,
        null
      ],
      "/Users/deny_domin/Documents/TI/HE:labs/microblog/app/models/application_record.rb": [
        1,
        1,
        null
      ],
      "/Users/deny_domin/Documents/TI/HE:labs/microblog/app/helpers/application_helper.rb": [
        1,
        1,
        3,
        3,
        3,
        3,
        null,
        null
      ],
      "/Users/deny_domin/Documents/TI/HE:labs/microblog/app/helpers/form_helper.rb": [
        1,
        1,
        10,
        null,
        null,
        1,
        10,
        10,
        null,
        10,
        10,
        10,
        10,
        null,
        null,
        null
      ],
      "/Users/deny_domin/Documents/TI/HE:labs/microblog/app/helpers/posts_helper.rb": [
        1,
        null
      ],
      "/Users/deny_domin/Documents/TI/HE:labs/microblog/app/models/notification.rb": [
        1,
        1,
        1,
        1,
        null,
        1,
        null
      ],
      "/Users/deny_domin/Documents/TI/HE:labs/microblog/app/models/post.rb": [
        null,
        null,
        null,
        null,
        null,
        null,
        null,
        null,
        null,
        null,
        null,
        null,
        null,
        null,
        null,
        null,
        null,
        1,
        null,
        1,
        1,
        null,
        1,
        null,
        2,
        4,
        null,
        1,
        1,
        null,
        null,
        1,
        1,
        0,
        null,
        1,
        null,
        null,
        null,
        1,
        0,
        null,
        null,
        1,
        0,
        null,
        null,
        null
      ],
      "/Users/deny_domin/Documents/TI/HE:labs/microblog/app/models/relationship.rb": [
        1,
        1,
        1,
        null,
        1,
        1,
        null
      ],
      "/Users/deny_domin/Documents/TI/HE:labs/microblog/app/controllers/application_controller.rb": [
        1,
        1,
        null,
        1,
        null,
        null
      ],
      "/Users/deny_domin/Documents/TI/HE:labs/microblog/app/controllers/blog/pages_controller.rb": [
        1,
        1,
        null,
        1,
        null,
        null,
        1,
        null,
        null,
        null,
        null
      ],
      "/Users/deny_domin/Documents/TI/HE:labs/microblog/app/controllers/blog_controller.rb": [
        1,
        null
      ],
      "/Users/deny_domin/Documents/TI/HE:labs/microblog/app/controllers/authors/posts_controller.rb": [
        1,
        1,
        1,
        null,
        null,
        null,
        1,
        1,
        null,
        null,
        null,
        null,
        1,
        null,
        null,
        null,
        1,
        1,
        null,
        null,
        null,
        1,
        null,
        null,
        1,
        0,
        0,
        null,
        null,
        1,
        0,
        0,
        null,
        null,
        null,
        null,
        1,
        1,
        null,
        1,
        1,
        1,
        0,
        null,
        2,
        1,
        null,
        0,
        0,
        null,
        null,
        null,
        null,
        null,
        null,
        1,
        0,
        0,
        0,
        0,
        null,
        0,
        0,
        null,
        null,
        null,
        null,
        null,
        null,
        1,
        0,
        0,
        0,
        0,
        null,
        null,
        null,
        1,
        null,
        1,
        1,
        null,
        null,
        null,
        1,
        1,
        null,
        null,
        null
      ],
      "/Users/deny_domin/Documents/TI/HE:labs/microblog/app/controllers/author_controller.rb": [
        1,
        1,
        null
      ],
      "/Users/deny_domin/Documents/TI/HE:labs/microblog/app/controllers/perfil/posts_controller.rb": [
        1,
        1,
        null,
        null,
        null,
        1,
        0,
        null,
        null,
        null,
        null,
        1,
        3,
        3,
        null,
        null,
        null,
        null
      ],
      "/Users/deny_domin/Documents/TI/HE:labs/microblog/app/controllers/perfil_controller.rb": [
        1,
        null
      ],
      "/Users/deny_domin/Documents/TI/HE:labs/microblog/app/controllers/relationships_controller.rb": [
        1,
        1,
        1,
        null,
        1,
        1,
        1,
        1,
        null,
        null,
        1,
        1,
        1,
        1,
        null,
        null,
        1,
        null,
        1,
        2,
        null,
        null
      ],
      "/Users/deny_domin/Documents/TI/HE:labs/microblog/app/channels/application_cable/channel.rb": [
        0,
        0,
        0,
        0
      ],
      "/Users/deny_domin/Documents/TI/HE:labs/microblog/app/channels/application_cable/connection.rb": [
        0,
        0,
        0,
        0
      ],
      "/Users/deny_domin/Documents/TI/HE:labs/microblog/app/controllers/authors/registrations_controller.rb": [
        0,
        0,
        0,
        0,
        0,
        0,
        0,
        0,
        0,
        0,
        0,
        0,
        0,
        0,
        0,
        0,
        0,
        0,
        0,
        0,
        0,
        0,
        0,
        0,
        0,
        0,
        0,
        0,
        0,
        0,
        0,
        0,
        0,
        0,
        0,
        0,
        0,
        0,
        0,
        0,
        0,
        0,
        0,
        0,
        0,
        0,
        0,
        0,
        0,
        0,
        0,
        0,
        0,
        0,
        0,
        0,
        0,
        0,
        0,
        0,
        0
      ],
      "/Users/deny_domin/Documents/TI/HE:labs/microblog/app/controllers/blog/posts_controller.rb": [
        0,
        0,
        0,
        0,
        0,
        0,
        0,
        0,
        0,
        0,
        0,
        0,
        0,
        0,
        0,
        0
      ],
      "/Users/deny_domin/Documents/TI/HE:labs/microblog/app/controllers/notifications_controller.rb": [
        0,
        0,
        0,
        0,
        0,
        0,
        0,
        0,
        0,
        0,
        0,
        0,
        0
      ],
      "/Users/deny_domin/Documents/TI/HE:labs/microblog/app/jobs/application_job.rb": [
        0,
        0
      ],
      "/Users/deny_domin/Documents/TI/HE:labs/microblog/app/mailers/application_mailer.rb": [
        0,
        0,
        0,
        0
      ]
    },
    "timestamp": 1487898797
  }
}
